0 info it worked if it ends with ok
1 verbose cli [ 'D:\\nodejs\\node.exe',
1 verbose cli   'D:\\nodejs\\node_modules\\npm\\bin\\npm-cli.js',
1 verbose cli   'install',
1 verbose cli   'Chart.js',
1 verbose cli   '--save' ]
2 info using npm@3.10.10
3 info using node@v6.11.0
4 silly loadCurrentTree Starting
5 silly install loadCurrentTree
6 silly install readLocalPackageData
7 silly fetchPackageMetaData Chart.js
8 silly fetchOtherPackageData Chart.js
9 silly cache add args [ 'Chart.js', null ]
10 verbose cache add spec Chart.js
11 silly cache add parsed spec Result {
11 silly cache add   raw: 'Chart.js',
11 silly cache add   scope: null,
11 silly cache add   escapedName: 'Chart.js',
11 silly cache add   name: null,
11 silly cache add   rawSpec: 'Chart.js',
11 silly cache add   spec: 'D:\\xampp\\htdocs\\RDB\\Chart.js\\dist\\Chart.js',
11 silly cache add   type: 'local' }
12 silly addLocalTarball shasum (computed) 6783cd30af743c57075c848089912da79bd319ad
13 verbose addTmpTarball D:\xampp\htdocs\RDB\Chart.js\dist\Chart.js not in flight; adding
14 verbose correctMkdir C:\Users\Yannick\AppData\Roaming\npm-cache correctMkdir not in flight; initializing
15 verbose addTmpTarball validating metadata from D:\xampp\htdocs\RDB\Chart.js\dist\Chart.js
16 verbose tar unpack D:\xampp\htdocs\RDB\Chart.js\dist\Chart.js
17 verbose tar unpacking to C:\Users\Yannick\AppData\Local\Temp\npm-11900-068d859c\unpack-06a4f386
18 silly gentlyRm C:\Users\Yannick\AppData\Local\Temp\npm-11900-068d859c\unpack-06a4f386 is being purged
19 verbose gentlyRm don't care about contents; nuking C:\Users\Yannick\AppData\Local\Temp\npm-11900-068d859c\unpack-06a4f386
20 silly gunzTarPerm modes [ '777', '666' ]
21 error not a package D:\xampp\htdocs\RDB\Chart.js\dist\Chart.js
22 error addLocal Could not install D:\xampp\htdocs\RDB\Chart.js\dist\Chart.js
23 silly fetchPackageMetaData Error: ENOENT: no such file or directory, open 'C:\Users\Yannick\AppData\Local\Temp\npm-11900-068d859c\unpack-06a4f386\package.json'
23 silly fetchPackageMetaData     at Error (native)
23 silly fetchPackageMetaData  error for Chart.js { Error: ENOENT: no such file or directory, open 'C:\Users\Yannick\AppData\Local\Temp\npm-11900-068d859c\unpack-06a4f386\package.json'
23 silly fetchPackageMetaData     at Error (native)
23 silly fetchPackageMetaData   errno: -4058,
23 silly fetchPackageMetaData   code: 'ENOENT',
23 silly fetchPackageMetaData   syscall: 'open',
23 silly fetchPackageMetaData   path: 'C:\\Users\\Yannick\\AppData\\Local\\Temp\\npm-11900-068d859c\\unpack-06a4f386\\package.json' }
24 silly rollbackFailedOptional Starting
25 silly rollbackFailedOptional Finishing
26 silly runTopLevelLifecycles Finishing
27 silly install printInstalled
28 verbose stack Error: ENOENT: no such file or directory, open 'C:\Users\Yannick\AppData\Local\Temp\npm-11900-068d859c\unpack-06a4f386\package.json'
28 verbose stack     at Error (native)
29 verbose cwd D:\xampp\htdocs\RDB\Chart.js\dist
30 error Windows_NT 10.0.15063
31 error argv "D:\\nodejs\\node.exe" "D:\\nodejs\\node_modules\\npm\\bin\\npm-cli.js" "install" "Chart.js" "--save"
32 error node v6.11.0
33 error npm  v3.10.10
34 error path C:\Users\Yannick\AppData\Local\Temp\npm-11900-068d859c\unpack-06a4f386\package.json
35 error code ENOENT
36 error errno -4058
37 error syscall open
38 error enoent ENOENT: no such file or directory, open 'C:\Users\Yannick\AppData\Local\Temp\npm-11900-068d859c\unpack-06a4f386\package.json'
39 error enoent ENOENT: no such file or directory, open 'C:\Users\Yannick\AppData\Local\Temp\npm-11900-068d859c\unpack-06a4f386\package.json'
39 error enoent This is most likely not a problem with npm itself
39 error enoent and is related to npm not being able to find a file.
40 verbose exit [ -4058, true ]
